<?xml version="1.0" encoding="UTF-8"?>
<testng-results ignored="0" total="1" passed="1" failed="0" skipped="0">
  <reporter-output>
  </reporter-output>
  <suite started-at="2022-03-28T17:26:06 IST" name="Default suite" finished-at="2022-03-28T17:28:11 IST" duration-ms="125455">
    <groups>
    </groups>
    <test started-at="2022-03-28T17:26:06 IST" name="Default test" finished-at="2022-03-28T17:28:11 IST" duration-ms="125455">
      <class name="GoPadelLoginTest.GoPadelLoginTest">
        <test-method is-config="true" signature="suiteSetup()[pri:0, instance:GoPadelLoginTest.GoPadelLoginTest@72ea6193]" started-at="2022-03-28T17:25:57 IST" name="suiteSetup" finished-at="2022-03-28T17:26:06 IST" duration-ms="9028" status="PASS">
          <reporter-output>
          </reporter-output>
        </test-method> <!-- suiteSetup -->
        <test-method is-config="true" signature="loadBaseUrl(java.lang.reflect.Method)[pri:0, instance:GoPadelLoginTest.GoPadelLoginTest@72ea6193]" started-at="2022-03-28T17:26:06 IST" name="loadBaseUrl" finished-at="2022-03-28T17:26:29 IST" duration-ms="23140" status="PASS">
          <params>
            <param index="0">
              <value>
                <![CDATA[public void GoPadelLoginTest.GoPadelLoginTest.loginTest()]]>
              </value>
            </param>
          </params>
          <reporter-output>
          </reporter-output>
        </test-method> <!-- loadBaseUrl -->
        <test-method signature="loginTest()[pri:0, instance:GoPadelLoginTest.GoPadelLoginTest@72ea6193]" started-at="2022-03-28T17:26:29 IST" name="loginTest" finished-at="2022-03-28T17:28:11 IST" duration-ms="102211" status="PASS">
          <reporter-output>
          </reporter-output>
        </test-method> <!-- loginTest -->
        <test-method is-config="true" signature="suiteTearDown()[pri:0, instance:GoPadelLoginTest.GoPadelLoginTest@72ea6193]" started-at="2022-03-28T17:28:11 IST" name="suiteTearDown" finished-at="2022-03-28T17:28:11 IST" duration-ms="2" status="PASS">
          <reporter-output>
          </reporter-output>
        </test-method> <!-- suiteTearDown -->
      </class> <!-- GoPadelLoginTest.GoPadelLoginTest -->
    </test> <!-- Default test -->
  </suite> <!-- Default suite -->
</testng-results>
